<?xml version="1.0" encoding="UTF-8"?>
<testng-results ignored="0" total="1" passed="1" failed="0" skipped="0">
  <reporter-output>
  </reporter-output>
  <suite started-at="2022-10-14T17:06:15 IST" name="Default suite" finished-at="2022-10-14T17:06:15 IST" duration-ms="46">
    <groups>
    </groups>
    <test started-at="2022-10-14T17:06:15 IST" name="Default test" finished-at="2022-10-14T17:06:15 IST" duration-ms="46">
      <class name="Package9.TestNG">
        <test-method is-config="true" signature="beforeClass()[pri:0, instance:Package9.TestNG@ef9296d]" started-at="2022-10-14T17:06:15 IST" name="beforeClass" finished-at="2022-10-14T17:06:15 IST" duration-ms="4" status="PASS">
          <reporter-output>
          </reporter-output>
        </test-method> <!-- beforeClass -->
        <test-method is-config="true" signature="beforeMethod()[pri:0, instance:Package9.TestNG@ef9296d]" started-at="2022-10-14T17:06:15 IST" name="beforeMethod" finished-at="2022-10-14T17:06:15 IST" duration-ms="0" status="PASS">
          <reporter-output>
          </reporter-output>
        </test-method> <!-- beforeMethod -->
        <test-method signature="test()[pri:0, instance:Package9.TestNG@ef9296d]" started-at="2022-10-14T17:06:15 IST" name="test" finished-at="2022-10-14T17:06:15 IST" duration-ms="4" status="PASS">
          <reporter-output>
          </reporter-output>
        </test-method> <!-- test -->
      </class> <!-- Package9.TestNG -->
    </test> <!-- Default test -->
  </suite> <!-- Default suite -->
</testng-results>
